2019-03-30 00:58:32.895  WARN 3476 --- [HikariPool-1 housekeeper] com.zaxxer.hikari.pool.HikariPool        : HikariPool-1 - Thread starvation or clock leap detected (housekeeper delta=3h30s180ms843µs556ns).
2019-03-30 07:30:54.988  WARN 3476 --- [HikariPool-1 housekeeper] com.zaxxer.hikari.pool.HikariPool        : HikariPool-1 - Thread starvation or clock leap detected (housekeeper delta=6h32m36s632ms655µs513ns).
2019-03-30 07:46:16.187  INFO 3476 --- [http-nio-8080-exec-2] o.a.c.c.C.[Tomcat].[localhost].[/]       : Initializing Spring FrameworkServlet 'dispatcherServlet'
2019-03-30 07:46:16.260  INFO 3476 --- [http-nio-8080-exec-2] o.s.web.servlet.DispatcherServlet        : FrameworkServlet 'dispatcherServlet': initialization started
2019-03-30 07:46:17.685  INFO 3476 --- [http-nio-8080-exec-2] o.s.web.servlet.DispatcherServlet        : FrameworkServlet 'dispatcherServlet': initialization completed in 1422 ms
2019-03-30 07:54:56.558  INFO 3476 --- [RMI TCP Connection(2)-127.0.0.1] inMXBeanRegistrar$SpringApplicationAdmin : Application shutdown requested.
2019-03-30 07:54:56.564  INFO 3476 --- [RMI TCP Connection(2)-127.0.0.1] ConfigServletWebServerApplicationContext : Closing org.springframework.boot.web.servlet.context.AnnotationConfigServletWebServerApplicationContext@5be6e01c: startup date [Fri Mar 29 21:09:26 IST 2019]; root of context hierarchy
2019-03-30 07:54:56.609  INFO 3476 --- [RMI TCP Connection(2)-127.0.0.1] o.s.c.support.DefaultLifecycleProcessor  : Stopping beans in phase 2147483647
2019-03-30 07:54:56.657  INFO 3476 --- [RMI TCP Connection(2)-127.0.0.1] o.s.j.e.a.AnnotationMBeanExporter        : Unregistering JMX-exposed beans on shutdown
2019-03-30 07:54:56.671  INFO 3476 --- [RMI TCP Connection(2)-127.0.0.1] o.s.j.e.a.AnnotationMBeanExporter        : Unregistering JMX-exposed beans
2019-03-30 07:54:56.697  INFO 3476 --- [RMI TCP Connection(2)-127.0.0.1] j.LocalContainerEntityManagerFactoryBean : Closing JPA EntityManagerFactory for persistence unit 'default'
2019-03-30 07:54:56.712  INFO 3476 --- [RMI TCP Connection(2)-127.0.0.1] com.zaxxer.hikari.HikariDataSource       : HikariPool-1 - Shutdown initiated...
2019-03-30 07:54:56.814  INFO 3476 --- [RMI TCP Connection(2)-127.0.0.1] com.zaxxer.hikari.HikariDataSource       : HikariPool-1 - Shutdown completed.
2019-03-30 07:55:08.983  INFO 616 --- [main] c.W.C.CartManagementApplication          : Starting CartManagementApplication on DESKTOP-15TDDA6 with PID 616 (started by DELL in C:\spring\wfdlabs\CartManagement (1)\CartManagement)
2019-03-30 07:55:08.987  INFO 616 --- [main] c.W.C.CartManagementApplication          : No active profile set, falling back to default profiles: default
2019-03-30 07:55:09.048  INFO 616 --- [main] ConfigServletWebServerApplicationContext : Refreshing org.springframework.boot.web.servlet.context.AnnotationConfigServletWebServerApplicationContext@1b1473ab: startup date [Sat Mar 30 07:55:09 IST 2019]; root of context hierarchy
2019-03-30 07:55:10.591  INFO 616 --- [main] trationDelegate$BeanPostProcessorChecker : Bean 'org.springframework.transaction.annotation.ProxyTransactionManagementConfiguration' of type [org.springframework.transaction.annotation.ProxyTransactionManagementConfiguration$$EnhancerBySpringCGLIB$$1be4cc54] is not eligible for getting processed by all BeanPostProcessors (for example: not eligible for auto-proxying)
2019-03-30 07:55:10.653  INFO 616 --- [main] trationDelegate$BeanPostProcessorChecker : Bean 'org.springframework.hateoas.config.HateoasConfiguration' of type [org.springframework.hateoas.config.HateoasConfiguration$$EnhancerBySpringCGLIB$$9b651986] is not eligible for getting processed by all BeanPostProcessors (for example: not eligible for auto-proxying)
2019-03-30 07:55:11.047  INFO 616 --- [main] o.s.b.w.embedded.tomcat.TomcatWebServer  : Tomcat initialized with port(s): 8080 (http)
2019-03-30 07:55:11.070  INFO 616 --- [main] o.apache.catalina.core.StandardService   : Starting service [Tomcat]
2019-03-30 07:55:11.070  INFO 616 --- [main] org.apache.catalina.core.StandardEngine  : Starting Servlet Engine: Apache Tomcat/8.5.32
2019-03-30 07:55:11.079  INFO 616 --- [localhost-startStop-1] o.a.catalina.core.AprLifecycleListener   : The APR based Apache Tomcat Native library which allows optimal performance in production environments was not found on the java.library.path: [C:\Java\jdk1.8.0_192\bin;C:\WINDOWS\Sun\Java\bin;C:\WINDOWS\system32;C:\WINDOWS;C:/Java/jdk1.8.0_192/bin/../jre/bin/server;C:/Java/jdk1.8.0_192/bin/../jre/bin;C:/Java/jdk1.8.0_192/bin/../jre/lib/amd64;C:\Java\jdk1.8.0_192\bin;C:\WINDOWS\system32;C:\WINDOWS;C:\WINDOWS\System32\Wbem;C:\WINDOWS\System32\WindowsPowerShell\v1.0\;C:\WINDOWS\System32\OpenSSH\;C:\Java\jdk1.8.0_192\bin;C:\Program Files\Git\cmd;D:\sqlite;C:\apache-maven-3.3.9\bin;C:\spring\sts-bundle\sts-3.9.6.RELEASE;;.]
2019-03-30 07:55:11.248  INFO 616 --- [localhost-startStop-1] o.a.c.c.C.[Tomcat].[localhost].[/]       : Initializing Spring embedded WebApplicationContext
2019-03-30 07:55:11.249  INFO 616 --- [localhost-startStop-1] o.s.web.context.ContextLoader            : Root WebApplicationContext: initialization completed in 2202 ms
2019-03-30 07:55:11.352  INFO 616 --- [localhost-startStop-1] o.s.b.w.servlet.ServletRegistrationBean  : Servlet dispatcherServlet mapped to [/]
2019-03-30 07:55:11.374  INFO 616 --- [localhost-startStop-1] o.s.b.w.servlet.FilterRegistrationBean   : Mapping filter: 'characterEncodingFilter' to: [/*]
2019-03-30 07:55:11.375  INFO 616 --- [localhost-startStop-1] o.s.b.w.servlet.FilterRegistrationBean   : Mapping filter: 'hiddenHttpMethodFilter' to: [/*]
2019-03-30 07:55:11.376  INFO 616 --- [localhost-startStop-1] o.s.b.w.servlet.FilterRegistrationBean   : Mapping filter: 'httpPutFormContentFilter' to: [/*]
2019-03-30 07:55:11.377  INFO 616 --- [localhost-startStop-1] o.s.b.w.servlet.FilterRegistrationBean   : Mapping filter: 'requestContextFilter' to: [/*]
2019-03-30 07:55:11.582  INFO 616 --- [main] com.zaxxer.hikari.HikariDataSource       : HikariPool-1 - Starting...
2019-03-30 07:55:11.642  INFO 616 --- [main] com.zaxxer.hikari.pool.PoolBase          : HikariPool-1 - Driver does not support get/set network timeout for connections. (org.h2.jdbc.JdbcConnection.getNetworkTimeout()I)
2019-03-30 07:55:11.653  INFO 616 --- [main] com.zaxxer.hikari.HikariDataSource       : HikariPool-1 - Start completed.
2019-03-30 07:55:11.719  INFO 616 --- [main] j.LocalContainerEntityManagerFactoryBean : Building JPA container EntityManagerFactory for persistence unit 'default'
2019-03-30 07:55:11.734  INFO 616 --- [main] o.hibernate.jpa.internal.util.LogHelper  : HHH000204: Processing PersistenceUnitInfo [
	name: default
	...]
2019-03-30 07:55:11.990  INFO 616 --- [main] org.hibernate.Version                    : HHH000412: Hibernate Core {5.2.17.Final}
2019-03-30 07:55:11.993  INFO 616 --- [main] org.hibernate.cfg.Environment            : HHH000206: hibernate.properties not found
2019-03-30 07:55:12.050  INFO 616 --- [main] o.hibernate.annotations.common.Version   : HCANN000001: Hibernate Commons Annotations {5.0.1.Final}
2019-03-30 07:55:12.266  INFO 616 --- [main] org.hibernate.dialect.Dialect            : HHH000400: Using dialect: org.hibernate.dialect.H2Dialect
2019-03-30 07:55:12.338  INFO 616 --- [main] o.h.e.j.e.i.LobCreatorBuilderImpl        : HHH000423: Disabling contextual LOB creation as JDBC driver reported JDBC version [3] less than 4
2019-03-30 07:55:13.049  INFO 616 --- [main] o.h.t.schema.internal.SchemaCreatorImpl  : HHH000476: Executing import script 'org.hibernate.tool.schema.internal.exec.ScriptSourceInputNonExistentImpl@5700c9db'
2019-03-30 07:55:13.056  INFO 616 --- [main] j.LocalContainerEntityManagerFactoryBean : Initialized JPA EntityManagerFactory for persistence unit 'default'
2019-03-30 07:55:13.840  WARN 616 --- [main] aWebConfiguration$JpaWebMvcConfiguration : spring.jpa.open-in-view is enabled by default. Therefore, database queries may be performed during view rendering. Explicitly configure spring.jpa.open-in-view to disable this warning
2019-03-30 07:55:13.939  INFO 616 --- [main] s.w.s.m.m.a.RequestMappingHandlerMapping : Mapped "{[/Customer],methods=[PUT]}" onto public com.Wfd.CartManagement.Entity.Customer com.Wfd.CartManagement.Controller.CustomerController.updateCustomer(com.Wfd.CartManagement.Entity.Customer)
2019-03-30 07:55:13.946  INFO 616 --- [main] s.w.s.m.m.a.RequestMappingHandlerMapping : Mapped "{[/Customer],methods=[POST]}" onto public com.Wfd.CartManagement.Entity.Customer com.Wfd.CartManagement.Controller.CustomerController.createCustomer(com.Wfd.CartManagement.Entity.Customer)
2019-03-30 07:55:13.951  INFO 616 --- [main] s.w.s.m.m.a.RequestMappingHandlerMapping : Mapped "{[/Customer/{customerId}],methods=[GET]}" onto public com.Wfd.CartManagement.Entity.Customer com.Wfd.CartManagement.Controller.CustomerController.getCustomer(java.lang.Integer)
2019-03-30 07:55:13.957  INFO 616 --- [main] s.w.s.m.m.a.RequestMappingHandlerMapping : Mapped "{[/Customer/{customerId}],methods=[DELETE]}" onto public java.lang.String com.Wfd.CartManagement.Controller.CustomerController.deleteCustomer(java.lang.Integer)
2019-03-30 07:55:13.958  INFO 616 --- [main] s.w.s.m.m.a.RequestMappingHandlerMapping : Mapped "{[/Employee/{employeeId}],methods=[DELETE]}" onto public java.lang.String com.Wfd.CartManagement.Controller.EmployeesController.deleteEmployee(java.lang.Integer)
2019-03-30 07:55:13.959  INFO 616 --- [main] s.w.s.m.m.a.RequestMappingHandlerMapping : Mapped "{[/Employee],methods=[PUT]}" onto public com.Wfd.CartManagement.Entity.Employee com.Wfd.CartManagement.Controller.EmployeesController.updateEmployee(com.Wfd.CartManagement.Entity.Employee)
2019-03-30 07:55:13.959  INFO 616 --- [main] s.w.s.m.m.a.RequestMappingHandlerMapping : Mapped "{[/Employee/{employeeId}],methods=[GET]}" onto public com.Wfd.CartManagement.Entity.Employee com.Wfd.CartManagement.Controller.EmployeesController.getEmployee(java.lang.Integer)
2019-03-30 07:55:13.964  INFO 616 --- [main] s.w.s.m.m.a.RequestMappingHandlerMapping : Mapped "{[/Employee],methods=[POST]}" onto public com.Wfd.CartManagement.Entity.Employee com.Wfd.CartManagement.Controller.EmployeesController.createEmployee(com.Wfd.CartManagement.Entity.Employee)
2019-03-30 07:55:13.967  INFO 616 --- [main] s.w.s.m.m.a.RequestMappingHandlerMapping : Mapped "{[/item/{itemId}],methods=[GET]}" onto public com.Wfd.CartManagement.Entity.Item com.Wfd.CartManagement.Controller.ItemController.getItem(java.lang.Integer)
2019-03-30 07:55:13.968  INFO 616 --- [main] s.w.s.m.m.a.RequestMappingHandlerMapping : Mapped "{[/item],methods=[PUT]}" onto public com.Wfd.CartManagement.Entity.Item com.Wfd.CartManagement.Controller.ItemController.updateItem(com.Wfd.CartManagement.Entity.Item)
2019-03-30 07:55:13.968  INFO 616 --- [main] s.w.s.m.m.a.RequestMappingHandlerMapping : Mapped "{[/item],methods=[POST]}" onto public com.Wfd.CartManagement.Entity.Item com.Wfd.CartManagement.Controller.ItemController.createItem(com.Wfd.CartManagement.Entity.Item)
2019-03-30 07:55:13.973  INFO 616 --- [main] s.w.s.m.m.a.RequestMappingHandlerMapping : Mapped "{[/item/{itemId}],methods=[DELETE]}" onto public java.lang.String com.Wfd.CartManagement.Controller.ItemController.deleteItem(java.lang.Integer)
2019-03-30 07:55:13.978  INFO 616 --- [main] s.w.s.m.m.a.RequestMappingHandlerMapping : Mapped "{[/manager/{id}],methods=[GET]}" onto public com.Wfd.CartManagement.Entity.Manager com.Wfd.CartManagement.Controller.ManagerController.getManager(java.lang.Integer)
2019-03-30 07:55:13.978  INFO 616 --- [main] s.w.s.m.m.a.RequestMappingHandlerMapping : Mapped "{[/manager/{id}],methods=[DELETE]}" onto public java.lang.String com.Wfd.CartManagement.Controller.ManagerController.deleteManager(java.lang.Integer)
2019-03-30 07:55:13.978  INFO 616 --- [main] s.w.s.m.m.a.RequestMappingHandlerMapping : Mapped "{[/manager],methods=[POST]}" onto public com.Wfd.CartManagement.Entity.Manager com.Wfd.CartManagement.Controller.ManagerController.createManager(com.Wfd.CartManagement.Entity.Manager)
2019-03-30 07:55:13.979  INFO 616 --- [main] s.w.s.m.m.a.RequestMappingHandlerMapping : Mapped "{[/manager],methods=[PUT]}" onto public com.Wfd.CartManagement.Entity.Manager com.Wfd.CartManagement.Controller.ManagerController.updateManager(com.Wfd.CartManagement.Entity.Manager)
2019-03-30 07:55:13.980  INFO 616 --- [main] s.w.s.m.m.a.RequestMappingHandlerMapping : Mapped "{[/OrderDetails],methods=[PUT]}" onto public com.Wfd.CartManagement.Entity.OrderDetails com.Wfd.CartManagement.Controller.OrderDetailsController.updateOrderDetails(com.Wfd.CartManagement.Entity.OrderDetails)
2019-03-30 07:55:13.981  INFO 616 --- [main] s.w.s.m.m.a.RequestMappingHandlerMapping : Mapped "{[/OrderDetails/{orderDetailsId}],methods=[DELETE]}" onto public java.lang.String com.Wfd.CartManagement.Controller.OrderDetailsController.deleteOrderDetails(java.lang.Integer)
2019-03-30 07:55:13.981  INFO 616 --- [main] s.w.s.m.m.a.RequestMappingHandlerMapping : Mapped "{[/OrderDetails],methods=[POST]}" onto public com.Wfd.CartManagement.Entity.OrderDetails com.Wfd.CartManagement.Controller.OrderDetailsController.createOrderDetails(com.Wfd.CartManagement.Entity.OrderDetails)
2019-03-30 07:55:13.987  INFO 616 --- [main] s.w.s.m.m.a.RequestMappingHandlerMapping : Mapped "{[/OrderDetails/{orderDetailsId}],methods=[GET]}" onto public com.Wfd.CartManagement.Entity.OrderDetails com.Wfd.CartManagement.Controller.OrderDetailsController.getOrderDetails(java.lang.Integer)
2019-03-30 07:55:13.989  INFO 616 --- [main] s.w.s.m.m.a.RequestMappingHandlerMapping : Mapped "{[/Orders],methods=[POST]}" onto public com.Wfd.CartManagement.Entity.Orders com.Wfd.CartManagement.Controller.OrdersController.createOrders(com.Wfd.CartManagement.Entity.Orders)
2019-03-30 07:55:13.990  INFO 616 --- [main] s.w.s.m.m.a.RequestMappingHandlerMapping : Mapped "{[/Orders],methods=[PUT]}" onto public com.Wfd.CartManagement.Entity.Orders com.Wfd.CartManagement.Controller.OrdersController.updateOrders(com.Wfd.CartManagement.Entity.Orders)
2019-03-30 07:55:13.991  INFO 616 --- [main] s.w.s.m.m.a.RequestMappingHandlerMapping : Mapped "{[/Orders/{orderId}],methods=[GET]}" onto public com.Wfd.CartManagement.Entity.Orders com.Wfd.CartManagement.Controller.OrdersController.getCustomer(java.lang.Integer)
2019-03-30 07:55:13.992  INFO 616 --- [main] s.w.s.m.m.a.RequestMappingHandlerMapping : Mapped "{[/Orders/{orderId}],methods=[DELETE]}" onto public java.lang.String com.Wfd.CartManagement.Controller.OrdersController.deleteCustomer(java.lang.Integer)
2019-03-30 07:55:13.995  INFO 616 --- [main] s.w.s.m.m.a.RequestMappingHandlerMapping : Mapped "{[/v2/api-docs],methods=[GET],produces=[application/json || application/hal+json]}" onto public org.springframework.http.ResponseEntity<springfox.documentation.spring.web.json.Json> springfox.documentation.swagger2.web.Swagger2Controller.getDocumentation(java.lang.String,javax.servlet.http.HttpServletRequest)
2019-03-30 07:55:14.005  INFO 616 --- [main] s.w.s.m.m.a.RequestMappingHandlerMapping : Mapped "{[/swagger-resources/configuration/security]}" onto org.springframework.http.ResponseEntity<springfox.documentation.swagger.web.SecurityConfiguration> springfox.documentation.swagger.web.ApiResourceController.securityConfiguration()
2019-03-30 07:55:14.006  INFO 616 --- [main] s.w.s.m.m.a.RequestMappingHandlerMapping : Mapped "{[/swagger-resources]}" onto org.springframework.http.ResponseEntity<java.util.List<springfox.documentation.swagger.web.SwaggerResource>> springfox.documentation.swagger.web.ApiResourceController.swaggerResources()
2019-03-30 07:55:14.008  INFO 616 --- [main] s.w.s.m.m.a.RequestMappingHandlerMapping : Mapped "{[/swagger-resources/configuration/ui]}" onto org.springframework.http.ResponseEntity<springfox.documentation.swagger.web.UiConfiguration> springfox.documentation.swagger.web.ApiResourceController.uiConfiguration()
2019-03-30 07:55:14.012  INFO 616 --- [main] s.w.s.m.m.a.RequestMappingHandlerMapping : Mapped "{[/error]}" onto public org.springframework.http.ResponseEntity<java.util.Map<java.lang.String, java.lang.Object>> org.springframework.boot.autoconfigure.web.servlet.error.BasicErrorController.error(javax.servlet.http.HttpServletRequest)
2019-03-30 07:55:14.012  INFO 616 --- [main] s.w.s.m.m.a.RequestMappingHandlerMapping : Mapped "{[/error],produces=[text/html]}" onto public org.springframework.web.servlet.ModelAndView org.springframework.boot.autoconfigure.web.servlet.error.BasicErrorController.errorHtml(javax.servlet.http.HttpServletRequest,javax.servlet.http.HttpServletResponse)
2019-03-30 07:55:14.232  INFO 616 --- [main] o.s.w.s.handler.SimpleUrlHandlerMapping  : Mapped URL path [/**/favicon.ico] onto handler of type [class org.springframework.web.servlet.resource.ResourceHttpRequestHandler]
2019-03-30 07:55:14.647  INFO 616 --- [main] s.w.s.m.m.a.RequestMappingHandlerAdapter : Looking for @ControllerAdvice: org.springframework.boot.web.servlet.context.AnnotationConfigServletWebServerApplicationContext@1b1473ab: startup date [Sat Mar 30 07:55:09 IST 2019]; root of context hierarchy
2019-03-30 07:55:14.713  INFO 616 --- [main] o.s.w.s.handler.SimpleUrlHandlerMapping  : Mapped URL path [/webjars/**] onto handler of type [class org.springframework.web.servlet.resource.ResourceHttpRequestHandler]
2019-03-30 07:55:14.714  INFO 616 --- [main] o.s.w.s.handler.SimpleUrlHandlerMapping  : Mapped URL path [/**] onto handler of type [class org.springframework.web.servlet.resource.ResourceHttpRequestHandler]
2019-03-30 07:55:15.132  INFO 616 --- [main] o.s.j.e.a.AnnotationMBeanExporter        : Registering beans for JMX exposure on startup
2019-03-30 07:55:15.139  INFO 616 --- [main] o.s.j.e.a.AnnotationMBeanExporter        : Bean with name 'dataSource' has been autodetected for JMX exposure
2019-03-30 07:55:15.147  INFO 616 --- [main] o.s.j.e.a.AnnotationMBeanExporter        : Located MBean 'dataSource': registering with JMX server as MBean [com.zaxxer.hikari:name=dataSource,type=HikariDataSource]
2019-03-30 07:55:15.156  INFO 616 --- [main] o.s.c.support.DefaultLifecycleProcessor  : Starting beans in phase 2147483647
2019-03-30 07:55:15.157  INFO 616 --- [main] d.s.w.p.DocumentationPluginsBootstrapper : Context refreshed
2019-03-30 07:55:15.222  INFO 616 --- [main] d.s.w.p.DocumentationPluginsBootstrapper : Found 1 custom documentation plugin(s)
2019-03-30 07:55:15.243  INFO 616 --- [main] s.d.s.w.s.ApiListingReferenceScanner     : Scanning for api listing references
2019-03-30 07:55:15.644  INFO 616 --- [main] .d.s.w.r.o.CachingOperationNameGenerator : Generating unique operation named: deleteCustomerUsingDELETE_1
2019-03-30 07:55:15.646  INFO 616 --- [main] .d.s.w.r.o.CachingOperationNameGenerator : Generating unique operation named: getCustomerUsingGET_1
2019-03-30 07:55:15.865  INFO 616 --- [main] o.s.b.w.embedded.tomcat.TomcatWebServer  : Tomcat started on port(s): 8080 (http) with context path ''
2019-03-30 07:55:15.872  INFO 616 --- [main] c.W.C.CartManagementApplication          : Started CartManagementApplication in 7.321 seconds (JVM running for 8.891)
2019-03-30 07:55:23.843  INFO 616 --- [http-nio-8080-exec-2] o.a.c.c.C.[Tomcat].[localhost].[/]       : Initializing Spring FrameworkServlet 'dispatcherServlet'
2019-03-30 07:55:23.849  INFO 616 --- [http-nio-8080-exec-2] o.s.web.servlet.DispatcherServlet        : FrameworkServlet 'dispatcherServlet': initialization started
2019-03-30 07:55:23.876  INFO 616 --- [http-nio-8080-exec-2] o.s.web.servlet.DispatcherServlet        : FrameworkServlet 'dispatcherServlet': initialization completed in 27 ms
2019-03-30 11:05:03.085  WARN 616 --- [HikariPool-1 housekeeper] com.zaxxer.hikari.pool.HikariPool        : HikariPool-1 - Thread starvation or clock leap detected (housekeeper delta=1h55m21s157ms241µs660ns).
2019-03-30 11:38:38.878  WARN 616 --- [HikariPool-1 housekeeper] com.zaxxer.hikari.pool.HikariPool        : HikariPool-1 - Thread starvation or clock leap detected (housekeeper delta=15m35s732ms187µs845ns).
2019-03-30 12:09:52.017  WARN 616 --- [HikariPool-1 housekeeper] com.zaxxer.hikari.pool.HikariPool        : HikariPool-1 - Thread starvation or clock leap detected (housekeeper delta=4m43s79ms638µs272ns).
